0 info it worked if it ends with ok
1 verbose cli [ '/usr/local/bin/node',
1 verbose cli   '/usr/local/bin/npm',
1 verbose cli   'install',
1 verbose cli   'graphicsmagick' ]
2 info using npm@2.15.5
3 info using node@v4.4.5
4 verbose install initial load of /Users/petbaile/Desktop/Repos/Gmail_Signature_From_Url/package.json
5 verbose installManyTop reading scoped package data from /Users/petbaile/Desktop/Repos/Gmail_Signature_From_Url/node_modules/gulp/package.json
6 verbose installManyTop reading scoped package data from /Users/petbaile/Desktop/Repos/Gmail_Signature_From_Url/node_modules/gulp-htmlmin/package.json
7 verbose installManyTop reading scoped package data from /Users/petbaile/Desktop/Repos/Gmail_Signature_From_Url/node_modules/gulp-sass/package.json
8 verbose installManyTop reading scoped package data from /Users/petbaile/Desktop/Repos/Gmail_Signature_From_Url/node_modules/gulp-uglify/package.json
9 verbose installManyTop reading scoped package data from /Users/petbaile/Desktop/Repos/Gmail_Signature_From_Url/node_modules/gulp-watch/package.json
10 verbose installManyTop reading scoped package data from /Users/petbaile/Desktop/Repos/Gmail_Signature_From_Url/node_modules/gulp-zip/package.json
11 verbose installManyTop reading scoped package data from /Users/petbaile/Desktop/Repos/Gmail_Signature_From_Url/node_modules/imagemagick/package.json
12 verbose installManyTop reading scoped package data from /Users/petbaile/Desktop/Repos/Gmail_Signature_From_Url/node_modules/run-sequence/package.json
13 info package.json gulp-htmlmin@2.0.0 No README data
14 info package.json imagemagick@0.1.3 No license field.
15 verbose readDependencies loading dependencies from /Users/petbaile/Desktop/Repos/Gmail_Signature_From_Url/package.json
16 silly cache add args [ 'graphicsmagick', null ]
17 verbose cache add spec graphicsmagick
18 silly cache add parsed spec Result {
18 silly cache add   raw: 'graphicsmagick',
18 silly cache add   scope: null,
18 silly cache add   name: 'graphicsmagick',
18 silly cache add   rawSpec: '',
18 silly cache add   spec: 'latest',
18 silly cache add   type: 'tag' }
19 silly addNamed graphicsmagick@latest
20 verbose addNamed "latest" is being treated as a dist-tag for graphicsmagick
21 info addNameTag [ 'graphicsmagick', 'latest' ]
22 silly mapToRegistry name graphicsmagick
23 silly mapToRegistry using default registry
24 silly mapToRegistry registry https://registry.npmjs.org/
25 silly mapToRegistry data Result {
25 silly mapToRegistry   raw: 'graphicsmagick',
25 silly mapToRegistry   scope: null,
25 silly mapToRegistry   name: 'graphicsmagick',
25 silly mapToRegistry   rawSpec: '',
25 silly mapToRegistry   spec: 'latest',
25 silly mapToRegistry   type: 'tag' }
26 silly mapToRegistry uri https://registry.npmjs.org/graphicsmagick
27 verbose addNameTag registry:https://registry.npmjs.org/graphicsmagick not in flight; fetching
28 verbose request uri https://registry.npmjs.org/graphicsmagick
29 verbose request no auth needed
30 info attempt registry request try #1 at 11:50:56 AM
31 verbose request id 99ffd298bd0dfc17
32 http request GET https://registry.npmjs.org/graphicsmagick
33 http 200 https://registry.npmjs.org/graphicsmagick
34 verbose headers { server: 'CouchDB/1.5.0 (Erlang OTP/R16B03)',
34 verbose headers   etag: '"2LXYCD85N7Y9NXZV18HYVFW7G"',
34 verbose headers   'content-type': 'application/json',
34 verbose headers   'content-encoding': 'gzip',
34 verbose headers   'cache-control': 'max-age=300',
34 verbose headers   'content-length': '567',
34 verbose headers   'accept-ranges': 'bytes',
34 verbose headers   date: 'Fri, 17 Jun 2016 11:50:56 GMT',
34 verbose headers   via: '1.1 varnish',
34 verbose headers   age: '0',
34 verbose headers   connection: 'keep-alive',
34 verbose headers   'x-served-by': 'cache-ams4123-AMS',
34 verbose headers   'x-cache': 'MISS',
34 verbose headers   'x-cache-hits': '0',
34 verbose headers   'x-timer': 'S1466164256.502836,VS0,VE105',
34 verbose headers   vary: 'Accept-Encoding' }
35 silly get cb [ 200,
35 silly get   { server: 'CouchDB/1.5.0 (Erlang OTP/R16B03)',
35 silly get     etag: '"2LXYCD85N7Y9NXZV18HYVFW7G"',
35 silly get     'content-type': 'application/json',
35 silly get     'content-encoding': 'gzip',
35 silly get     'cache-control': 'max-age=300',
35 silly get     'content-length': '567',
35 silly get     'accept-ranges': 'bytes',
35 silly get     date: 'Fri, 17 Jun 2016 11:50:56 GMT',
35 silly get     via: '1.1 varnish',
35 silly get     age: '0',
35 silly get     connection: 'keep-alive',
35 silly get     'x-served-by': 'cache-ams4123-AMS',
35 silly get     'x-cache': 'MISS',
35 silly get     'x-cache-hits': '0',
35 silly get     'x-timer': 'S1466164256.502836,VS0,VE105',
35 silly get     vary: 'Accept-Encoding' } ]
36 verbose get saving graphicsmagick to /Users/petbaile/.npm/registry.npmjs.org/graphicsmagick/.cache.json
37 verbose correctMkdir /Users/petbaile/.npm correctMkdir not in flight; initializing
38 silly addNameTag next cb for graphicsmagick with tag latest
39 silly addNamed graphicsmagick@0.0.1
40 verbose addNamed "0.0.1" is a plain semver version for graphicsmagick
41 silly mapToRegistry name graphicsmagick
42 silly mapToRegistry using default registry
43 silly mapToRegistry registry https://registry.npmjs.org/
44 silly mapToRegistry data Result {
44 silly mapToRegistry   raw: 'graphicsmagick',
44 silly mapToRegistry   scope: null,
44 silly mapToRegistry   name: 'graphicsmagick',
44 silly mapToRegistry   rawSpec: '',
44 silly mapToRegistry   spec: 'latest',
44 silly mapToRegistry   type: 'tag' }
45 silly mapToRegistry uri https://registry.npmjs.org/graphicsmagick
46 verbose addRemoteTarball https://registry.npmjs.org/graphicsmagick/-/graphicsmagick-0.0.1.tgz not in flight; adding
47 verbose addRemoteTarball [ 'https://registry.npmjs.org/graphicsmagick/-/graphicsmagick-0.0.1.tgz',
47 verbose addRemoteTarball   '0af95878190dcbd1028e46c13526f5284245bf29' ]
48 info retry fetch attempt 1 at 11:50:56 AM
49 info attempt registry request try #1 at 11:50:56 AM
50 http fetch GET https://registry.npmjs.org/graphicsmagick/-/graphicsmagick-0.0.1.tgz
51 http fetch 200 https://registry.npmjs.org/graphicsmagick/-/graphicsmagick-0.0.1.tgz
52 silly fetchAndShaCheck shasum 0af95878190dcbd1028e46c13526f5284245bf29
53 verbose addTmpTarball /var/folders/9s/hzwf3css0gs9hrj8906ybc3x763zjr/T/npm-13379-5b256509/registry.npmjs.org/graphicsmagick/-/graphicsmagick-0.0.1.tgz not in flight; adding
54 verbose addTmpTarball already have metadata; skipping unpack for graphicsmagick@0.0.1
55 verbose correctMkdir /Users/petbaile/.npm correctMkdir not in flight; initializing
56 silly cache afterAdd graphicsmagick@0.0.1
57 verbose afterAdd /Users/petbaile/.npm/graphicsmagick/0.0.1/package/package.json not in flight; writing
58 verbose correctMkdir /Users/petbaile/.npm correctMkdir not in flight; initializing
59 verbose afterAdd /Users/petbaile/.npm/graphicsmagick/0.0.1/package/package.json written
60 silly install resolved [ { name: 'graphicsmagick',
60 silly install resolved     description: 'Bindings to the graphicsmagick library.',
60 silly install resolved     version: '0.0.1',
60 silly install resolved     author: { name: 'Izaak Schroeder' },
60 silly install resolved     engine: 'node >= 0.6.0',
60 silly install resolved     _npmUser: { name: 'izaakschroeder', email: 'izaakschroeder@aelatis.com' },
60 silly install resolved     _id: 'graphicsmagick@0.0.1',
60 silly install resolved     scripts: { preinstall: 'node-waf clean || (exit 0); node-waf configure build' },
60 silly install resolved     dependencies: {},
60 silly install resolved     devDependencies: {},
60 silly install resolved     optionalDependencies: {},
60 silly install resolved     engines: { node: '*' },
60 silly install resolved     _engineSupported: true,
60 silly install resolved     _npmVersion: '1.1.0-2',
60 silly install resolved     _nodeVersion: 'v0.6.8',
60 silly install resolved     _defaultsLoaded: true,
60 silly install resolved     dist:
60 silly install resolved      { shasum: '0af95878190dcbd1028e46c13526f5284245bf29',
60 silly install resolved        tarball: 'https://registry.npmjs.org/graphicsmagick/-/graphicsmagick-0.0.1.tgz' },
60 silly install resolved     readme: '',
60 silly install resolved     maintainers: [ [Object] ],
60 silly install resolved     directories: {},
60 silly install resolved     _shasum: '0af95878190dcbd1028e46c13526f5284245bf29',
60 silly install resolved     _resolved: 'https://registry.npmjs.org/graphicsmagick/-/graphicsmagick-0.0.1.tgz',
60 silly install resolved     _from: 'graphicsmagick@latest' } ]
61 info install graphicsmagick@0.0.1 into /Users/petbaile/Desktop/Repos/Gmail_Signature_From_Url
62 info installOne graphicsmagick@0.0.1
63 verbose installOne of graphicsmagick to /Users/petbaile/Desktop/Repos/Gmail_Signature_From_Url not in flight; installing
64 verbose correctMkdir /Users/petbaile/.npm/_locks correctMkdir not in flight; initializing
65 verbose lock using /Users/petbaile/.npm/_locks/graphicsmagick-647214ef112738b5.lock for /Users/petbaile/Desktop/Repos/Gmail_Signature_From_Url/node_modules/graphicsmagick
66 silly install write writing graphicsmagick 0.0.1 to /Users/petbaile/Desktop/Repos/Gmail_Signature_From_Url/node_modules/graphicsmagick
67 verbose unbuild node_modules/graphicsmagick
68 silly gentlyRm /Users/petbaile/Desktop/Repos/Gmail_Signature_From_Url/node_modules/graphicsmagick is being purged from base /Users/petbaile/Desktop/Repos/Gmail_Signature_From_Url
69 verbose gentlyRm don't care about contents; nuking /Users/petbaile/Desktop/Repos/Gmail_Signature_From_Url/node_modules/graphicsmagick
70 verbose tar unpack /Users/petbaile/.npm/graphicsmagick/0.0.1/package.tgz
71 verbose tar unpacking to /Users/petbaile/Desktop/Repos/Gmail_Signature_From_Url/node_modules/graphicsmagick
72 silly gentlyRm /Users/petbaile/Desktop/Repos/Gmail_Signature_From_Url/node_modules/graphicsmagick is being purged
73 verbose gentlyRm don't care about contents; nuking /Users/petbaile/Desktop/Repos/Gmail_Signature_From_Url/node_modules/graphicsmagick
74 silly gunzTarPerm modes [ '755', '644' ]
75 silly gunzTarPerm extractEntry wscript
76 silly gunzTarPerm extractEntry GraphicsMagick.cc
77 silly gunzTarPerm extractEntry README.creole
78 silly gunzTarPerm extractEntry test.jpg
79 silly gunzTarPerm extractEntry .npmignore
80 silly gunzTarPerm extractEntry build/
81 silly gunzTarPerm extractEntry build/.wafpickle-7
82 silly gunzTarPerm extractEntry test.js
83 silly gunzTarPerm extractEntry package.json
84 verbose write writing to /Users/petbaile/Desktop/Repos/Gmail_Signature_From_Url/node_modules/graphicsmagick/package.json
85 info preinstall graphicsmagick@0.0.1
86 verbose unsafe-perm in lifecycle true
87 info graphicsmagick@0.0.1 Failed to exec preinstall script
88 verbose unlock done using /Users/petbaile/.npm/_locks/graphicsmagick-647214ef112738b5.lock for /Users/petbaile/Desktop/Repos/Gmail_Signature_From_Url/node_modules/graphicsmagick
89 verbose stack Error: graphicsmagick@0.0.1 preinstall: `node-waf clean || (exit 0); node-waf configure build`
89 verbose stack spawn ENOENT
89 verbose stack     at ChildProcess.<anonymous> (/usr/local/lib/node_modules/npm/lib/utils/spawn.js:17:16)
89 verbose stack     at emitTwo (events.js:87:13)
89 verbose stack     at ChildProcess.emit (events.js:172:7)
89 verbose stack     at maybeClose (internal/child_process.js:827:16)
89 verbose stack     at Process.ChildProcess._handle.onexit (internal/child_process.js:211:5)
90 verbose pkgid graphicsmagick@0.0.1
91 verbose cwd /Users/petbaile/Desktop/Repos/Gmail_Signature_From_Url
92 error Darwin 14.5.0
93 error argv "/usr/local/bin/node" "/usr/local/bin/npm" "install" "graphicsmagick"
94 error node v4.4.5
95 error npm  v2.15.5
96 error file sh
97 error code ELIFECYCLE
98 error errno ENOENT
99 error syscall spawn
100 error graphicsmagick@0.0.1 preinstall: `node-waf clean || (exit 0); node-waf configure build`
100 error spawn ENOENT
101 error Failed at the graphicsmagick@0.0.1 preinstall script 'node-waf clean || (exit 0); node-waf configure build'.
101 error This is most likely a problem with the graphicsmagick package,
101 error not with npm itself.
101 error Tell the author that this fails on your system:
101 error     node-waf clean || (exit 0); node-waf configure build
101 error You can get information on how to open an issue for this project with:
101 error     npm bugs graphicsmagick
101 error Or if that isn't available, you can get their info via:
101 error
101 error     npm owner ls graphicsmagick
101 error There is likely additional logging output above.
102 verbose exit [ 1, true ]
103 verbose unbuild node_modules/graphicsmagick
104 info preuninstall graphicsmagick@0.0.1
105 info uninstall graphicsmagick@0.0.1
106 verbose unbuild rmStuff graphicsmagick@0.0.1 from /Users/petbaile/Desktop/Repos/Gmail_Signature_From_Url/node_modules
107 info postuninstall graphicsmagick@0.0.1
108 silly gentlyRm /Users/petbaile/Desktop/Repos/Gmail_Signature_From_Url/node_modules/graphicsmagick is being purged from base /Users/petbaile/Desktop/Repos/Gmail_Signature_From_Url
109 verbose gentlyRm don't care about contents; nuking /Users/petbaile/Desktop/Repos/Gmail_Signature_From_Url/node_modules/graphicsmagick
110 silly vacuum-fs purging /Users/petbaile/Desktop/Repos/Gmail_Signature_From_Url/node_modules/graphicsmagick
111 silly vacuum-fs quitting because other entries in /Users/petbaile/Desktop/Repos/Gmail_Signature_From_Url/node_modules
